2024-04-22 15:57:15,912 DEBUG Horse: Создание Horse, имя [Bucephalus], скорость [2.4]
2024-04-22 15:57:15,917 DEBUG Horse: Создание Horse, имя [Ace of Spades], скорость [2.5]
2024-04-22 15:57:15,917 DEBUG Horse: Создание Horse, имя [Zephyr], скорость [2.6]
2024-04-22 15:57:15,917 DEBUG Horse: Создание Horse, имя [Blaze], скорость [2.7]
2024-04-22 15:57:15,917 DEBUG Horse: Создание Horse, имя [Lobster], скорость [2.8]
2024-04-22 15:57:15,918 DEBUG Horse: Создание Horse, имя [Pegasus], скорость [2.9]
2024-04-22 15:57:15,918 DEBUG Horse: Создание Horse, имя [Cherry], скорость [3.0]
2024-04-22 15:57:15,919 DEBUG Hippodrome: Создание Hippodrome, лошадей [7]
2024-04-22 15:57:15,919 INFO  Main:  Начало скачек. Количество участников: 7
2024-04-22 15:57:36,208 INFO  Main: Окончание скачек. Победитель: Pegasus
2024-04-22 15:58:00,627 DEBUG Horse: Создание Horse, имя [Bucephalus], скорость [2.4]
2024-04-22 15:58:00,630 DEBUG Horse: Создание Horse, имя [Ace of Spades], скорость [2.5]
2024-04-22 15:58:00,630 DEBUG Horse: Создание Horse, имя [Zephyr], скорость [2.6]
2024-04-22 15:58:00,630 DEBUG Horse: Создание Horse, имя [Blaze], скорость [2.7]
2024-04-22 15:58:00,630 DEBUG Horse: Создание Horse, имя [Lobster], скорость [2.8]
2024-04-22 15:58:00,630 DEBUG Horse: Создание Horse, имя [Pegasus], скорость [2.9]
2024-04-22 15:58:00,630 DEBUG Horse: Создание Horse, имя [Cherry], скорость [3.0]
2024-04-22 15:58:00,633 DEBUG Hippodrome: Создание Hippodrome, лошадей [7]
2024-04-22 15:58:00,633 INFO  Main:  Начало скачек. Количество участников: 7
2024-04-22 15:58:20,897 INFO  Main: Окончание скачек. Победитель: Cherry
